<?xml version="1.0" encoding="UTF-8"?>
<coverage generated="1667525918445" clover="3.2.0">
  <project timestamp="1667525918445" name="All files">
    <metrics statements="270" coveredstatements="128" conditionals="31" coveredconditionals="17" methods="50" coveredmethods="26" elements="351" coveredelements="171" complexity="0" loc="270" ncloc="270" packages="7" files="21" classes="21"/>
    <package name="src">
      <metrics statements="27" coveredstatements="9" conditionals="0" coveredconditionals="0" methods="4" coveredmethods="3"/>
      <file name="app.controller.ts" path="/Users/sebastiannorena/Documents/Uniandes/semana2metricas/src/app.controller.ts">
        <metrics statements="6" coveredstatements="6" conditionals="0" coveredconditionals="0" methods="2" coveredmethods="2"/>
        <line num="1" count="1" type="stmt"/>
        <line num="2" count="1" type="stmt"/>
        <line num="5" count="1" type="stmt"/>
        <line num="6" count="1" type="stmt"/>
        <line num="8" count="1" type="stmt"/>
        <line num="10" count="1" type="stmt"/>
      </file>
      <file name="app.module.ts" path="/Users/sebastiannorena/Documents/Uniandes/semana2metricas/src/app.module.ts">
        <metrics statements="10" coveredstatements="0" conditionals="0" coveredconditionals="0" methods="0" coveredmethods="0"/>
        <line num="1" count="0" type="stmt"/>
        <line num="2" count="0" type="stmt"/>
        <line num="3" count="0" type="stmt"/>
        <line num="4" count="0" type="stmt"/>
        <line num="5" count="0" type="stmt"/>
        <line num="6" count="0" type="stmt"/>
        <line num="7" count="0" type="stmt"/>
        <line num="8" count="0" type="stmt"/>
        <line num="9" count="0" type="stmt"/>
        <line num="28" count="0" type="stmt"/>
      </file>
      <file name="app.service.ts" path="/Users/sebastiannorena/Documents/Uniandes/semana2metricas/src/app.service.ts">
        <metrics statements="3" coveredstatements="3" conditionals="0" coveredconditionals="0" methods="1" coveredmethods="1"/>
        <line num="1" count="1" type="stmt"/>
        <line num="4" count="1" type="stmt"/>
        <line num="6" count="1" type="stmt"/>
      </file>
      <file name="main.ts" path="/Users/sebastiannorena/Documents/Uniandes/semana2metricas/src/main.ts">
        <metrics statements="8" coveredstatements="0" conditionals="0" coveredconditionals="0" methods="1" coveredmethods="0"/>
        <line num="1" count="0" type="stmt"/>
        <line num="2" count="0" type="stmt"/>
        <line num="3" count="0" type="stmt"/>
        <line num="6" count="0" type="stmt"/>
        <line num="7" count="0" type="stmt"/>
        <line num="13" count="0" type="stmt"/>
        <line num="15" count="0" type="stmt"/>
        <line num="17" count="0" type="stmt"/>
      </file>
    </package>
    <package name="src.club">
      <metrics statements="76" coveredstatements="42" conditionals="7" coveredconditionals="5" methods="14" coveredmethods="8"/>
      <file name="club.controller.ts" path="/Users/sebastiannorena/Documents/Uniandes/semana2metricas/src/club/club.controller.ts">
        <metrics statements="20" coveredstatements="0" conditionals="0" coveredconditionals="0" methods="6" coveredmethods="0"/>
        <line num="1" count="0" type="stmt"/>
        <line num="12" count="0" type="stmt"/>
        <line num="13" count="0" type="stmt"/>
        <line num="14" count="0" type="stmt"/>
        <line num="15" count="0" type="stmt"/>
        <line num="16" count="0" type="stmt"/>
        <line num="20" count="0" type="stmt"/>
        <line num="21" count="0" type="stmt"/>
        <line num="24" count="0" type="stmt"/>
        <line num="25" count="0" type="stmt"/>
        <line num="29" count="0" type="stmt"/>
        <line num="30" count="0" type="stmt"/>
        <line num="35" count="0" type="stmt"/>
        <line num="36" count="0" type="stmt"/>
        <line num="37" count="0" type="stmt"/>
        <line num="41" count="0" type="stmt"/>
        <line num="45" count="0" type="stmt"/>
        <line num="46" count="0" type="stmt"/>
        <line num="51" count="0" type="stmt"/>
        <line num="52" count="0" type="stmt"/>
      </file>
      <file name="club.dto.ts" path="/Users/sebastiannorena/Documents/Uniandes/semana2metricas/src/club/club.dto.ts">
        <metrics statements="6" coveredstatements="0" conditionals="0" coveredconditionals="0" methods="0" coveredmethods="0"/>
        <line num="1" count="0" type="stmt"/>
        <line num="3" count="0" type="stmt"/>
        <line num="5" count="0" type="stmt"/>
        <line num="8" count="0" type="stmt"/>
        <line num="11" count="0" type="stmt"/>
        <line num="14" count="0" type="stmt"/>
      </file>
      <file name="club.entity.ts" path="/Users/sebastiannorena/Documents/Uniandes/semana2metricas/src/club/club.entity.ts">
        <metrics statements="9" coveredstatements="9" conditionals="0" coveredconditionals="0" methods="2" coveredmethods="2"/>
        <line num="1" count="3" type="stmt"/>
        <line num="8" count="3" type="stmt"/>
        <line num="11" count="3" type="stmt"/>
        <line num="12" count="3" type="stmt"/>
        <line num="15" count="3" type="stmt"/>
        <line num="18" count="3" type="stmt"/>
        <line num="21" count="3" type="stmt"/>
        <line num="24" count="3" type="stmt"/>
        <line num="27" count="26" type="stmt"/>
      </file>
      <file name="club.module.ts" path="/Users/sebastiannorena/Documents/Uniandes/semana2metricas/src/club/club.module.ts">
        <metrics statements="6" coveredstatements="0" conditionals="0" coveredconditionals="0" methods="0" coveredmethods="0"/>
        <line num="1" count="0" type="stmt"/>
        <line num="2" count="0" type="stmt"/>
        <line num="3" count="0" type="stmt"/>
        <line num="4" count="0" type="stmt"/>
        <line num="5" count="0" type="stmt"/>
        <line num="12" count="0" type="stmt"/>
      </file>
      <file name="club.service.ts" path="/Users/sebastiannorena/Documents/Uniandes/semana2metricas/src/club/club.service.ts">
        <metrics statements="35" coveredstatements="33" conditionals="7" coveredconditionals="5" methods="6" coveredmethods="6"/>
        <line num="1" count="1" type="stmt"/>
        <line num="2" count="1" type="stmt"/>
        <line num="3" count="1" type="stmt"/>
        <line num="4" count="1" type="stmt"/>
        <line num="6" count="1" type="stmt"/>
        <line num="12" count="1" type="stmt"/>
        <line num="15" count="9" type="stmt"/>
        <line num="19" count="1" type="stmt"/>
        <line num="25" count="2" type="stmt"/>
        <line num="29" count="2" type="cond" truecount="2" falsecount="0"/>
        <line num="30" count="1" type="stmt"/>
        <line num="34" count="1" type="stmt"/>
        <line num="38" count="1" type="cond" truecount="0" falsecount="1"/>
        <line num="39" count="0" type="stmt"/>
        <line num="44" count="1" type="stmt"/>
        <line num="45" count="1" type="stmt"/>
        <line num="46" count="1" type="stmt"/>
        <line num="47" count="1" type="stmt"/>
        <line num="48" count="1" type="stmt"/>
        <line num="49" count="1" type="stmt"/>
        <line num="53" count="2" type="cond" truecount="1" falsecount="0"/>
        <line num="54" count="1" type="stmt"/>
        <line num="59" count="1" type="stmt"/>
        <line num="62" count="1" type="cond" truecount="0" falsecount="1"/>
        <line num="63" count="0" type="stmt"/>
        <line num="68" count="1" type="stmt"/>
        <line num="69" count="1" type="stmt"/>
        <line num="70" count="1" type="stmt"/>
        <line num="71" count="1" type="stmt"/>
        <line num="73" count="1" type="stmt"/>
        <line num="74" count="1" type="stmt"/>
        <line num="78" count="3" type="stmt"/>
        <line num="81" count="3" type="cond" truecount="2" falsecount="0"/>
        <line num="82" count="1" type="stmt"/>
        <line num="86" count="2" type="stmt"/>
      </file>
    </package>
    <package name="src.club-member">
      <metrics statements="72" coveredstatements="25" conditionals="9" coveredconditionals="3" methods="13" coveredmethods="4"/>
      <file name="club-member.controller.ts" path="/Users/sebastiannorena/Documents/Uniandes/semana2metricas/src/club-member/club-member.controller.ts">
        <metrics statements="15" coveredstatements="0" conditionals="0" coveredconditionals="0" methods="6" coveredmethods="0"/>
        <line num="1" count="0" type="stmt"/>
        <line num="11" count="0" type="stmt"/>
        <line num="12" count="0" type="stmt"/>
        <line num="17" count="0" type="stmt"/>
        <line num="18" count="0" type="stmt"/>
        <line num="21" count="0" type="stmt"/>
        <line num="25" count="0" type="stmt"/>
        <line num="29" count="0" type="stmt"/>
        <line num="33" count="0" type="stmt"/>
        <line num="37" count="0" type="stmt"/>
        <line num="41" count="0" type="stmt"/>
        <line num="45" count="0" type="stmt"/>
        <line num="46" count="0" type="stmt"/>
        <line num="50" count="0" type="stmt"/>
        <line num="54" count="0" type="stmt"/>
      </file>
      <file name="club-member.dto.ts" path="/Users/sebastiannorena/Documents/Uniandes/semana2metricas/src/club-member/club-member.dto.ts">
        <metrics statements="3" coveredstatements="0" conditionals="0" coveredconditionals="0" methods="0" coveredmethods="0"/>
        <line num="1" count="0" type="stmt"/>
        <line num="3" count="0" type="stmt"/>
        <line num="4" count="0" type="stmt"/>
      </file>
      <file name="club-member.module.ts" path="/Users/sebastiannorena/Documents/Uniandes/semana2metricas/src/club-member/club-member.module.ts">
        <metrics statements="7" coveredstatements="0" conditionals="0" coveredconditionals="0" methods="0" coveredmethods="0"/>
        <line num="1" count="0" type="stmt"/>
        <line num="2" count="0" type="stmt"/>
        <line num="3" count="0" type="stmt"/>
        <line num="4" count="0" type="stmt"/>
        <line num="5" count="0" type="stmt"/>
        <line num="6" count="0" type="stmt"/>
        <line num="13" count="0" type="stmt"/>
      </file>
      <file name="club-member.service.ts" path="/Users/sebastiannorena/Documents/Uniandes/semana2metricas/src/club-member/club-member.service.ts">
        <metrics statements="47" coveredstatements="25" conditionals="9" coveredconditionals="3" methods="7" coveredmethods="4"/>
        <line num="1" count="1" type="stmt"/>
        <line num="2" count="1" type="stmt"/>
        <line num="3" count="1" type="stmt"/>
        <line num="4" count="1" type="stmt"/>
        <line num="5" count="1" type="stmt"/>
        <line num="7" count="1" type="stmt"/>
        <line num="13" count="1" type="stmt"/>
        <line num="16" count="6" type="stmt"/>
        <line num="18" count="6" type="stmt"/>
        <line num="22" count="2" type="stmt"/>
        <line num="26" count="2" type="cond" truecount="0" falsecount="1"/>
        <line num="27" count="0" type="stmt"/>
        <line num="32" count="2" type="stmt"/>
        <line num="37" count="2" type="cond" truecount="0" falsecount="1"/>
        <line num="38" count="0" type="stmt"/>
        <line num="43" count="2" type="stmt"/>
        <line num="44" count="2" type="stmt"/>
        <line num="51" count="0" type="stmt"/>
        <line num="55" count="0" type="cond" truecount="0" falsecount="1"/>
        <line num="56" count="0" type="stmt"/>
        <line num="61" count="0" type="stmt"/>
        <line num="63" count="0" type="stmt"/>
        <line num="64" count="0" type="stmt"/>
        <line num="67" count="0" type="cond" truecount="0" falsecount="1"/>
        <line num="68" count="0" type="stmt"/>
        <line num="72" count="0" type="stmt"/>
        <line num="73" count="0" type="stmt"/>
        <line num="76" count="0" type="stmt"/>
        <line num="79" count="2" type="stmt"/>
        <line num="83" count="2" type="cond" truecount="1" falsecount="0"/>
        <line num="84" count="1" type="stmt"/>
        <line num="89" count="1" type="stmt"/>
        <line num="94" count="1" type="cond" truecount="1" falsecount="0"/>
        <line num="95" count="1" type="stmt"/>
        <line num="100" count="0" type="stmt"/>
        <line num="104" count="0" type="stmt"/>
        <line num="108" count="0" type="cond" truecount="0" falsecount="1"/>
        <line num="109" count="0" type="stmt"/>
        <line num="114" count="0" type="stmt"/>
        <line num="119" count="0" type="cond" truecount="0" falsecount="1"/>
        <line num="120" count="0" type="stmt"/>
        <line num="124" count="0" type="stmt"/>
        <line num="125" count="0" type="stmt"/>
        <line num="129" count="2" type="stmt"/>
        <line num="134" count="2" type="cond" truecount="1" falsecount="0"/>
        <line num="135" count="1" type="stmt"/>
        <line num="140" count="1" type="stmt"/>
      </file>
    </package>
    <package name="src.member">
      <metrics statements="72" coveredstatements="41" conditionals="7" coveredconditionals="7" methods="14" coveredmethods="8"/>
      <file name="member.controller.ts" path="/Users/sebastiannorena/Documents/Uniandes/semana2metricas/src/member/member.controller.ts">
        <metrics statements="20" coveredstatements="0" conditionals="0" coveredconditionals="0" methods="6" coveredmethods="0"/>
        <line num="1" count="0" type="stmt"/>
        <line num="12" count="0" type="stmt"/>
        <line num="13" count="0" type="stmt"/>
        <line num="14" count="0" type="stmt"/>
        <line num="15" count="0" type="stmt"/>
        <line num="16" count="0" type="stmt"/>
        <line num="20" count="0" type="stmt"/>
        <line num="21" count="0" type="stmt"/>
        <line num="24" count="0" type="stmt"/>
        <line num="25" count="0" type="stmt"/>
        <line num="29" count="0" type="stmt"/>
        <line num="30" count="0" type="stmt"/>
        <line num="35" count="0" type="stmt"/>
        <line num="36" count="0" type="stmt"/>
        <line num="37" count="0" type="stmt"/>
        <line num="41" count="0" type="stmt"/>
        <line num="45" count="0" type="stmt"/>
        <line num="46" count="0" type="stmt"/>
        <line num="51" count="0" type="stmt"/>
        <line num="52" count="0" type="stmt"/>
      </file>
      <file name="member.dto.ts" path="/Users/sebastiannorena/Documents/Uniandes/semana2metricas/src/member/member.dto.ts">
        <metrics statements="5" coveredstatements="0" conditionals="0" coveredconditionals="0" methods="0" coveredmethods="0"/>
        <line num="1" count="0" type="stmt"/>
        <line num="3" count="0" type="stmt"/>
        <line num="5" count="0" type="stmt"/>
        <line num="8" count="0" type="stmt"/>
        <line num="11" count="0" type="stmt"/>
      </file>
      <file name="member.entity.ts" path="/Users/sebastiannorena/Documents/Uniandes/semana2metricas/src/member/member.entity.ts">
        <metrics statements="8" coveredstatements="8" conditionals="0" coveredconditionals="0" methods="2" coveredmethods="2"/>
        <line num="1" count="3" type="stmt"/>
        <line num="3" count="3" type="stmt"/>
        <line num="5" count="3" type="stmt"/>
        <line num="6" count="3" type="stmt"/>
        <line num="9" count="3" type="stmt"/>
        <line num="12" count="3" type="stmt"/>
        <line num="15" count="3" type="stmt"/>
        <line num="18" count="26" type="stmt"/>
      </file>
      <file name="member.module.ts" path="/Users/sebastiannorena/Documents/Uniandes/semana2metricas/src/member/member.module.ts">
        <metrics statements="6" coveredstatements="0" conditionals="0" coveredconditionals="0" methods="0" coveredmethods="0"/>
        <line num="1" count="0" type="stmt"/>
        <line num="2" count="0" type="stmt"/>
        <line num="3" count="0" type="stmt"/>
        <line num="4" count="0" type="stmt"/>
        <line num="5" count="0" type="stmt"/>
        <line num="12" count="0" type="stmt"/>
      </file>
      <file name="member.service.ts" path="/Users/sebastiannorena/Documents/Uniandes/semana2metricas/src/member/member.service.ts">
        <metrics statements="33" coveredstatements="33" conditionals="7" coveredconditionals="7" methods="6" coveredmethods="6"/>
        <line num="1" count="1" type="stmt"/>
        <line num="2" count="1" type="stmt"/>
        <line num="3" count="1" type="stmt"/>
        <line num="4" count="1" type="stmt"/>
        <line num="6" count="1" type="stmt"/>
        <line num="12" count="1" type="stmt"/>
        <line num="15" count="11" type="stmt"/>
        <line num="19" count="1" type="stmt"/>
        <line num="25" count="2" type="stmt"/>
        <line num="29" count="2" type="cond" truecount="2" falsecount="0"/>
        <line num="30" count="1" type="stmt"/>
        <line num="34" count="1" type="stmt"/>
        <line num="38" count="2" type="cond" truecount="1" falsecount="0"/>
        <line num="39" count="1" type="stmt"/>
        <line num="45" count="1" type="stmt"/>
        <line num="46" count="1" type="stmt"/>
        <line num="47" count="1" type="stmt"/>
        <line num="48" count="1" type="stmt"/>
        <line num="49" count="1" type="stmt"/>
        <line num="53" count="3" type="cond" truecount="1" falsecount="0"/>
        <line num="54" count="1" type="stmt"/>
        <line num="59" count="2" type="stmt"/>
        <line num="62" count="2" type="cond" truecount="1" falsecount="0"/>
        <line num="63" count="1" type="stmt"/>
        <line num="67" count="1" type="stmt"/>
        <line num="68" count="1" type="stmt"/>
        <line num="69" count="1" type="stmt"/>
        <line num="70" count="1" type="stmt"/>
        <line num="71" count="1" type="stmt"/>
        <line num="75" count="3" type="stmt"/>
        <line num="78" count="3" type="cond" truecount="2" falsecount="0"/>
        <line num="79" count="1" type="stmt"/>
        <line num="83" count="2" type="stmt"/>
      </file>
    </package>
    <package name="src.shared.errors">
      <metrics statements="7" coveredstatements="7" conditionals="2" coveredconditionals="2" methods="2" coveredmethods="2"/>
      <file name="business-errors.ts" path="/Users/sebastiannorena/Documents/Uniandes/semana2metricas/src/shared/errors/business-errors.ts">
        <metrics statements="7" coveredstatements="7" conditionals="2" coveredconditionals="2" methods="2" coveredmethods="2"/>
        <line num="1" count="3" type="stmt"/>
        <line num="2" count="11" type="stmt"/>
        <line num="3" count="11" type="stmt"/>
        <line num="6" count="3" type="cond" truecount="2" falsecount="0"/>
        <line num="7" count="3" type="stmt"/>
        <line num="8" count="3" type="stmt"/>
        <line num="9" count="3" type="stmt"/>
      </file>
    </package>
    <package name="src.shared.interceptors">
      <metrics statements="12" coveredstatements="0" conditionals="6" coveredconditionals="0" methods="2" coveredmethods="0"/>
      <file name="interceptor.ts" path="/Users/sebastiannorena/Documents/Uniandes/semana2metricas/src/shared/interceptors/interceptor.ts">
        <metrics statements="12" coveredstatements="0" conditionals="6" coveredconditionals="0" methods="2" coveredmethods="0"/>
        <line num="1" count="0" type="stmt"/>
        <line num="11" count="0" type="stmt"/>
        <line num="13" count="0" type="stmt"/>
        <line num="16" count="0" type="stmt"/>
        <line num="18" count="0" type="stmt"/>
        <line num="20" count="0" type="cond" truecount="0" falsecount="2"/>
        <line num="21" count="0" type="stmt"/>
        <line num="22" count="0" type="cond" truecount="0" falsecount="2"/>
        <line num="23" count="0" type="stmt"/>
        <line num="27" count="0" type="cond" truecount="0" falsecount="2"/>
        <line num="28" count="0" type="stmt"/>
        <line num="29" count="0" type="stmt"/>
      </file>
    </package>
    <package name="src.shared.testing-utils">
      <metrics statements="4" coveredstatements="4" conditionals="0" coveredconditionals="0" methods="1" coveredmethods="1"/>
      <file name="typeorm-testing-config.ts" path="/Users/sebastiannorena/Documents/Uniandes/semana2metricas/src/shared/testing-utils/typeorm-testing-config.ts">
        <metrics statements="4" coveredstatements="4" conditionals="0" coveredconditionals="0" methods="1" coveredmethods="1"/>
        <line num="1" count="3" type="stmt"/>
        <line num="2" count="3" type="stmt"/>
        <line num="3" count="3" type="stmt"/>
        <line num="5" count="26" type="stmt"/>
      </file>
    </package>
  </project>
</coverage>
