{"/Users/sebastiannorena/Documents/Uniandes/semana2metricas/src/app.controller.ts": {"path":"/Users/sebastiannorena/Documents/Uniandes/semana2metricas/src/app.controller.ts","statementMap":{"0":{"start":{"line":1,"column":0},"end":{"line":1,"column":49}},"1":{"start":{"line":2,"column":0},"end":{"line":2,"column":43}},"2":{"start":{"line":5,"column":7},"end":{"line":12,"column":null}},"3":{"start":{"line":6,"column":31},"end":{"line":6,"column":43}},"4":{"start":{"line":10,"column":4},"end":{"line":10,"column":38}},"5":{"start":{"line":8,"column":2},"end":{"line":11,"column":null}},"6":{"start":{"line":5,"column":13},"end":{"line":12,"column":null}},"7":{"start":{"line":5,"column":13},"end":{"line":5,"column":26}}},"fnMap":{"0":{"name":"(anonymous_2)","decl":{"start":{"line":6,"column":2},"end":{"line":6,"column":31}},"loc":{"start":{"line":6,"column":53},"end":{"line":6,"column":57}}},"1":{"name":"(anonymous_3)","decl":{"start":{"line":9,"column":2},"end":{"line":9,"column":10}},"loc":{"start":{"line":9,"column":10},"end":{"line":11,"column":3}}}},"branchMap":{},"s":{"0":1,"1":1,"2":1,"3":1,"4":1,"5":1,"6":1,"7":1},"f":{"0":1,"1":1},"b":{}}
,"/Users/sebastiannorena/Documents/Uniandes/semana2metricas/src/app.module.ts": {"path":"/Users/sebastiannorena/Documents/Uniandes/semana2metricas/src/app.module.ts","statementMap":{"0":{"start":{"line":1,"column":0},"end":{"line":1,"column":40}},"1":{"start":{"line":2,"column":0},"end":{"line":2,"column":48}},"2":{"start":{"line":3,"column":0},"end":{"line":3,"column":49}},"3":{"start":{"line":4,"column":0},"end":{"line":4,"column":43}},"4":{"start":{"line":5,"column":0},"end":{"line":5,"column":48}},"5":{"start":{"line":6,"column":0},"end":{"line":6,"column":48}},"6":{"start":{"line":7,"column":0},"end":{"line":7,"column":54}},"7":{"start":{"line":8,"column":0},"end":{"line":8,"column":68}},"8":{"start":{"line":9,"column":0},"end":{"line":9,"column":42}},"9":{"start":{"line":28,"column":7},"end":{"line":28,"column":null}},"10":{"start":{"line":28,"column":13},"end":{"line":28,"column":null}},"11":{"start":{"line":28,"column":13},"end":{"line":28,"column":22}}},"fnMap":{},"branchMap":{},"s":{"0":0,"1":0,"2":0,"3":0,"4":0,"5":0,"6":0,"7":0,"8":0,"9":0,"10":0,"11":0},"f":{},"b":{}}
,"/Users/sebastiannorena/Documents/Uniandes/semana2metricas/src/app.service.ts": {"path":"/Users/sebastiannorena/Documents/Uniandes/semana2metricas/src/app.service.ts","statementMap":{"0":{"start":{"line":1,"column":0},"end":{"line":1,"column":44}},"1":{"start":{"line":4,"column":7},"end":{"line":8,"column":null}},"2":{"start":{"line":6,"column":4},"end":{"line":6,"column":26}},"3":{"start":{"line":4,"column":13},"end":{"line":8,"column":null}},"4":{"start":{"line":4,"column":13},"end":{"line":4,"column":23}}},"fnMap":{"0":{"name":"(anonymous_1)","decl":{"start":{"line":5,"column":2},"end":{"line":5,"column":10}},"loc":{"start":{"line":5,"column":10},"end":{"line":7,"column":3}}}},"branchMap":{},"s":{"0":1,"1":1,"2":1,"3":1,"4":1},"f":{"0":1},"b":{}}
,"/Users/sebastiannorena/Documents/Uniandes/semana2metricas/src/main.ts": {"path":"/Users/sebastiannorena/Documents/Uniandes/semana2metricas/src/main.ts","statementMap":{"0":{"start":{"line":1,"column":0},"end":{"line":1,"column":64}},"1":{"start":{"line":2,"column":0},"end":{"line":2,"column":43}},"2":{"start":{"line":3,"column":0},"end":{"line":3,"column":41}},"3":{"start":{"line":6,"column":14},"end":{"line":6,"column":49}},"4":{"start":{"line":7,"column":2},"end":{"line":11,"column":5}},"5":{"start":{"line":13,"column":2},"end":{"line":13,"column":43}},"6":{"start":{"line":15,"column":2},"end":{"line":15,"column":25}},"7":{"start":{"line":17,"column":0},"end":{"line":17,"column":12}}},"fnMap":{"0":{"name":"bootstrap","decl":{"start":{"line":5,"column":15},"end":{"line":5,"column":24}},"loc":{"start":{"line":5,"column":24},"end":{"line":16,"column":1}}}},"branchMap":{},"s":{"0":0,"1":0,"2":0,"3":0,"4":0,"5":0,"6":0,"7":0},"f":{"0":0},"b":{}}
,"/Users/sebastiannorena/Documents/Uniandes/semana2metricas/src/club/club.controller.ts": {"path":"/Users/sebastiannorena/Documents/Uniandes/semana2metricas/src/club/club.controller.ts","statementMap":{"0":{"start":{"line":1,"column":0},"end":{"line":1,"column":null}},"1":{"start":{"line":12,"column":0},"end":{"line":12,"column":52}},"2":{"start":{"line":13,"column":0},"end":{"line":13,"column":79}},"3":{"start":{"line":14,"column":0},"end":{"line":14,"column":37}},"4":{"start":{"line":15,"column":0},"end":{"line":15,"column":37}},"5":{"start":{"line":16,"column":0},"end":{"line":16,"column":45}},"6":{"start":{"line":20,"column":7},"end":{"line":54,"column":null}},"7":{"start":{"line":21,"column":31},"end":{"line":21,"column":44}},"8":{"start":{"line":25,"column":4},"end":{"line":25,"column":44}},"9":{"start":{"line":30,"column":4},"end":{"line":30,"column":50}},"10":{"start":{"line":36,"column":23},"end":{"line":36,"column":53}},"11":{"start":{"line":37,"column":4},"end":{"line":37,"column":47}},"12":{"start":{"line":45,"column":23},"end":{"line":45,"column":53}},"13":{"start":{"line":46,"column":4},"end":{"line":46,"column":55}},"14":{"start":{"line":52,"column":4},"end":{"line":52,"column":49}},"15":{"start":{"line":24,"column":8},"end":{"line":26,"column":null}},"16":{"start":{"line":29,"column":8},"end":{"line":31,"column":null}},"17":{"start":{"line":35,"column":8},"end":{"line":38,"column":null}},"18":{"start":{"line":41,"column":8},"end":{"line":47,"column":null}},"19":{"start":{"line":51,"column":8},"end":{"line":53,"column":null}},"20":{"start":{"line":20,"column":13},"end":{"line":54,"column":null}},"21":{"start":{"line":20,"column":13},"end":{"line":20,"column":27}}},"fnMap":{"0":{"name":"(anonymous_4)","decl":{"start":{"line":21,"column":2},"end":{"line":21,"column":31}},"loc":{"start":{"line":21,"column":55},"end":{"line":21,"column":59}}},"1":{"name":"(anonymous_5)","decl":{"start":{"line":24,"column":2},"end":{"line":24,"column":7}},"loc":{"start":{"line":24,"column":19},"end":{"line":26,"column":3}}},"2":{"name":"(anonymous_6)","decl":{"start":{"line":29,"column":2},"end":{"line":29,"column":7}},"loc":{"start":{"line":29,"column":51},"end":{"line":31,"column":3}}},"3":{"name":"(anonymous_7)","decl":{"start":{"line":35,"column":2},"end":{"line":35,"column":7}},"loc":{"start":{"line":35,"column":43},"end":{"line":38,"column":3}}},"4":{"name":"(anonymous_8)","decl":{"start":{"line":41,"column":2},"end":{"line":41,"column":7}},"loc":{"start":{"line":43,"column":28},"end":{"line":47,"column":3}}},"5":{"name":"(anonymous_9)","decl":{"start":{"line":51,"column":2},"end":{"line":51,"column":7}},"loc":{"start":{"line":51,"column":50},"end":{"line":53,"column":3}}}},"branchMap":{},"s":{"0":0,"1":0,"2":0,"3":0,"4":0,"5":0,"6":0,"7":0,"8":0,"9":0,"10":0,"11":0,"12":0,"13":0,"14":0,"15":0,"16":0,"17":0,"18":0,"19":0,"20":0,"21":0},"f":{"0":0,"1":0,"2":0,"3":0,"4":0,"5":0},"b":{}}
,"/Users/sebastiannorena/Documents/Uniandes/semana2metricas/src/club/club.dto.ts": {"path":"/Users/sebastiannorena/Documents/Uniandes/semana2metricas/src/club/club.dto.ts","statementMap":{"0":{"start":{"line":1,"column":0},"end":{"line":1,"column":63}},"1":{"start":{"line":5,"column":2},"end":{"line":7,"column":null}},"2":{"start":{"line":8,"column":2},"end":{"line":10,"column":null}},"3":{"start":{"line":11,"column":2},"end":{"line":13,"column":null}},"4":{"start":{"line":14,"column":2},"end":{"line":15,"column":null}},"5":{"start":{"line":3,"column":0},"end":{"line":3,"column":13}}},"fnMap":{},"branchMap":{},"s":{"0":0,"1":0,"2":0,"3":0,"4":0,"5":0},"f":{},"b":{}}
,"/Users/sebastiannorena/Documents/Uniandes/semana2metricas/src/club/club.entity.ts": {"path":"/Users/sebastiannorena/Documents/Uniandes/semana2metricas/src/club/club.entity.ts","statementMap":{"0":{"start":{"line":1,"column":0},"end":{"line":1,"column":null}},"1":{"start":{"line":8,"column":0},"end":{"line":8,"column":49}},"2":{"start":{"line":11,"column":7},"end":{"line":30,"column":null}},"3":{"start":{"line":12,"column":2},"end":{"line":13,"column":null}},"4":{"start":{"line":15,"column":2},"end":{"line":16,"column":null}},"5":{"start":{"line":18,"column":2},"end":{"line":19,"column":null}},"6":{"start":{"line":21,"column":2},"end":{"line":22,"column":null}},"7":{"start":{"line":24,"column":2},"end":{"line":25,"column":null}},"8":{"start":{"line":27,"column":2},"end":{"line":29,"column":null}},"9":{"start":{"line":27,"column":20},"end":{"line":27,"column":26}},"10":{"start":{"line":27,"column":40},"end":{"line":27,"column":52}},"11":{"start":{"line":11,"column":13},"end":{"line":30,"column":null}},"12":{"start":{"line":11,"column":13},"end":{"line":11,"column":17}}},"fnMap":{"0":{"name":"(anonymous_2)","decl":{"start":{"line":27,"column":14},"end":{"line":27,"column":17}},"loc":{"start":{"line":27,"column":20},"end":{"line":27,"column":26}}},"1":{"name":"(anonymous_3)","decl":{"start":{"line":27,"column":28},"end":{"line":27,"column":29}},"loc":{"start":{"line":27,"column":40},"end":{"line":27,"column":52}}}},"branchMap":{},"s":{"0":3,"1":3,"2":3,"3":3,"4":3,"5":3,"6":3,"7":3,"8":3,"9":26,"10":26,"11":3,"12":3},"f":{"0":26,"1":26},"b":{}}
,"/Users/sebastiannorena/Documents/Uniandes/semana2metricas/src/club/club.module.ts": {"path":"/Users/sebastiannorena/Documents/Uniandes/semana2metricas/src/club/club.module.ts","statementMap":{"0":{"start":{"line":1,"column":0},"end":{"line":1,"column":40}},"1":{"start":{"line":2,"column":0},"end":{"line":2,"column":48}},"2":{"start":{"line":3,"column":0},"end":{"line":3,"column":37}},"3":{"start":{"line":4,"column":0},"end":{"line":4,"column":45}},"4":{"start":{"line":5,"column":0},"end":{"line":5,"column":51}},"5":{"start":{"line":12,"column":7},"end":{"line":12,"column":null}},"6":{"start":{"line":12,"column":13},"end":{"line":12,"column":null}},"7":{"start":{"line":12,"column":13},"end":{"line":12,"column":23}}},"fnMap":{},"branchMap":{},"s":{"0":0,"1":0,"2":0,"3":0,"4":0,"5":0,"6":0,"7":0},"f":{},"b":{}}
,"/Users/sebastiannorena/Documents/Uniandes/semana2metricas/src/club/club.service.ts": {"path":"/Users/sebastiannorena/Documents/Uniandes/semana2metricas/src/club/club.service.ts","statementMap":{"0":{"start":{"line":1,"column":0},"end":{"line":1,"column":44}},"1":{"start":{"line":2,"column":0},"end":{"line":2,"column":51}},"2":{"start":{"line":3,"column":0},"end":{"line":3,"column":37}},"3":{"start":{"line":4,"column":0},"end":{"line":4,"column":37}},"4":{"start":{"line":6,"column":0},"end":{"line":6,"column":null}},"5":{"start":{"line":12,"column":7},"end":{"line":88,"column":null}},"6":{"start":{"line":15,"column":21},"end":{"line":15,"column":37}},"7":{"start":{"line":19,"column":4},"end":{"line":21,"column":7}},"8":{"start":{"line":25,"column":17},"end":{"line":28,"column":6}},"9":{"start":{"line":29,"column":4},"end":{"line":34,"column":21}},"10":{"start":{"line":30,"column":6},"end":{"line":33,"column":8}},"11":{"start":{"line":34,"column":9},"end":{"line":34,"column":21}},"12":{"start":{"line":38,"column":4},"end":{"line":43,"column":null}},"13":{"start":{"line":39,"column":6},"end":{"line":42,"column":8}},"14":{"start":{"line":44,"column":17},"end":{"line":44,"column":27}},"15":{"start":{"line":45,"column":4},"end":{"line":45,"column":29}},"16":{"start":{"line":46,"column":4},"end":{"line":46,"column":43}},"17":{"start":{"line":47,"column":4},"end":{"line":47,"column":49}},"18":{"start":{"line":48,"column":4},"end":{"line":48,"column":31}},"19":{"start":{"line":49,"column":4},"end":{"line":49,"column":48}},"20":{"start":{"line":53,"column":4},"end":{"line":58,"column":null}},"21":{"start":{"line":54,"column":6},"end":{"line":57,"column":8}},"22":{"start":{"line":59,"column":17},"end":{"line":61,"column":6}},"23":{"start":{"line":62,"column":4},"end":{"line":66,"column":8}},"24":{"start":{"line":63,"column":6},"end":{"line":66,"column":8}},"25":{"start":{"line":68,"column":4},"end":{"line":68,"column":29}},"26":{"start":{"line":69,"column":4},"end":{"line":69,"column":43}},"27":{"start":{"line":70,"column":4},"end":{"line":70,"column":49}},"28":{"start":{"line":71,"column":4},"end":{"line":71,"column":31}},"29":{"start":{"line":73,"column":4},"end":{"line":73,"column":41}},"30":{"start":{"line":74,"column":4},"end":{"line":74,"column":16}},"31":{"start":{"line":78,"column":17},"end":{"line":80,"column":6}},"32":{"start":{"line":81,"column":4},"end":{"line":86,"column":55}},"33":{"start":{"line":82,"column":6},"end":{"line":85,"column":8}},"34":{"start":{"line":86,"column":9},"end":{"line":86,"column":55}},"35":{"start":{"line":12,"column":13},"end":{"line":88,"column":null}},"36":{"start":{"line":12,"column":13},"end":{"line":12,"column":24}}},"fnMap":{"0":{"name":"(anonymous_4)","decl":{"start":{"line":13,"column":2},"end":{"line":13,"column":null}},"loc":{"start":{"line":15,"column":53},"end":{"line":16,"column":6}}},"1":{"name":"(anonymous_5)","decl":{"start":{"line":18,"column":2},"end":{"line":18,"column":7}},"loc":{"start":{"line":18,"column":15},"end":{"line":22,"column":3}}},"2":{"name":"(anonymous_6)","decl":{"start":{"line":24,"column":2},"end":{"line":24,"column":7}},"loc":{"start":{"line":24,"column":26},"end":{"line":35,"column":3}}},"3":{"name":"(anonymous_7)","decl":{"start":{"line":37,"column":2},"end":{"line":37,"column":7}},"loc":{"start":{"line":37,"column":31},"end":{"line":50,"column":3}}},"4":{"name":"(anonymous_8)","decl":{"start":{"line":52,"column":2},"end":{"line":52,"column":7}},"loc":{"start":{"line":52,"column":43},"end":{"line":75,"column":3}}},"5":{"name":"(anonymous_9)","decl":{"start":{"line":77,"column":2},"end":{"line":77,"column":7}},"loc":{"start":{"line":77,"column":25},"end":{"line":87,"column":3}}}},"branchMap":{"0":{"loc":{"start":{"line":29,"column":4},"end":{"line":34,"column":21}},"type":"if","locations":[{"start":{"line":29,"column":4},"end":{"line":34,"column":21}},{"start":{"line":34,"column":9},"end":{"line":34,"column":21}}]},"1":{"loc":{"start":{"line":38,"column":4},"end":{"line":43,"column":null}},"type":"if","locations":[{"start":{"line":38,"column":4},"end":{"line":43,"column":null}}]},"2":{"loc":{"start":{"line":53,"column":4},"end":{"line":58,"column":null}},"type":"if","locations":[{"start":{"line":53,"column":4},"end":{"line":58,"column":null}}]},"3":{"loc":{"start":{"line":62,"column":4},"end":{"line":66,"column":8}},"type":"if","locations":[{"start":{"line":62,"column":4},"end":{"line":66,"column":8}}]},"4":{"loc":{"start":{"line":81,"column":4},"end":{"line":86,"column":55}},"type":"if","locations":[{"start":{"line":81,"column":4},"end":{"line":86,"column":55}},{"start":{"line":86,"column":9},"end":{"line":86,"column":55}}]}},"s":{"0":1,"1":1,"2":1,"3":1,"4":1,"5":1,"6":9,"7":1,"8":2,"9":2,"10":1,"11":1,"12":1,"13":0,"14":1,"15":1,"16":1,"17":1,"18":1,"19":1,"20":2,"21":1,"22":1,"23":1,"24":0,"25":1,"26":1,"27":1,"28":1,"29":1,"30":1,"31":3,"32":3,"33":1,"34":2,"35":1,"36":1},"f":{"0":9,"1":1,"2":2,"3":1,"4":2,"5":3},"b":{"0":[1,1],"1":[0],"2":[1],"3":[0],"4":[1,2]}}
,"/Users/sebastiannorena/Documents/Uniandes/semana2metricas/src/club-member/club-member.controller.ts": {"path":"/Users/sebastiannorena/Documents/Uniandes/semana2metricas/src/club-member/club-member.controller.ts","statementMap":{"0":{"start":{"line":1,"column":0},"end":{"line":1,"column":null}},"1":{"start":{"line":11,"column":0},"end":{"line":11,"column":79}},"2":{"start":{"line":12,"column":0},"end":{"line":12,"column":58}},"3":{"start":{"line":17,"column":7},"end":{"line":56,"column":null}},"4":{"start":{"line":18,"column":31},"end":{"line":18,"column":50}},"5":{"start":{"line":25,"column":4},"end":{"line":25,"column":78}},"6":{"start":{"line":33,"column":4},"end":{"line":33,"column":78}},"7":{"start":{"line":41,"column":4},"end":{"line":41,"column":79}},"8":{"start":{"line":46,"column":4},"end":{"line":46,"column":63}},"9":{"start":{"line":54,"column":4},"end":{"line":54,"column":72}},"10":{"start":{"line":21,"column":8},"end":{"line":26,"column":null}},"11":{"start":{"line":29,"column":8},"end":{"line":34,"column":null}},"12":{"start":{"line":37,"column":8},"end":{"line":42,"column":null}},"13":{"start":{"line":45,"column":8},"end":{"line":47,"column":null}},"14":{"start":{"line":50,"column":8},"end":{"line":55,"column":null}},"15":{"start":{"line":17,"column":13},"end":{"line":56,"column":null}},"16":{"start":{"line":17,"column":13},"end":{"line":17,"column":33}}},"fnMap":{"0":{"name":"(anonymous_4)","decl":{"start":{"line":18,"column":2},"end":{"line":18,"column":31}},"loc":{"start":{"line":18,"column":67},"end":{"line":18,"column":71}}},"1":{"name":"(anonymous_5)","decl":{"start":{"line":21,"column":2},"end":{"line":21,"column":7}},"loc":{"start":{"line":23,"column":39},"end":{"line":26,"column":3}}},"2":{"name":"(anonymous_6)","decl":{"start":{"line":29,"column":2},"end":{"line":29,"column":7}},"loc":{"start":{"line":31,"column":36},"end":{"line":34,"column":3}}},"3":{"name":"(anonymous_7)","decl":{"start":{"line":37,"column":2},"end":{"line":37,"column":7}},"loc":{"start":{"line":39,"column":39},"end":{"line":42,"column":3}}},"4":{"name":"(anonymous_8)","decl":{"start":{"line":45,"column":2},"end":{"line":45,"column":7}},"loc":{"start":{"line":45,"column":59},"end":{"line":47,"column":3}}},"5":{"name":"(anonymous_9)","decl":{"start":{"line":50,"column":2},"end":{"line":50,"column":7}},"loc":{"start":{"line":52,"column":39},"end":{"line":55,"column":3}}}},"branchMap":{},"s":{"0":0,"1":0,"2":0,"3":0,"4":0,"5":0,"6":0,"7":0,"8":0,"9":0,"10":0,"11":0,"12":0,"13":0,"14":0,"15":0,"16":0},"f":{"0":0,"1":0,"2":0,"3":0,"4":0,"5":0},"b":{}}
,"/Users/sebastiannorena/Documents/Uniandes/semana2metricas/src/club-member/club-member.dto.ts": {"path":"/Users/sebastiannorena/Documents/Uniandes/semana2metricas/src/club-member/club-member.dto.ts","statementMap":{"0":{"start":{"line":1,"column":0},"end":{"line":1,"column":43}},"1":{"start":{"line":4,"column":2},"end":{"line":5,"column":null}},"2":{"start":{"line":3,"column":0},"end":{"line":3,"column":13}}},"fnMap":{},"branchMap":{},"s":{"0":0,"1":0,"2":0},"f":{},"b":{}}
,"/Users/sebastiannorena/Documents/Uniandes/semana2metricas/src/club-member/club-member.module.ts": {"path":"/Users/sebastiannorena/Documents/Uniandes/semana2metricas/src/club-member/club-member.module.ts","statementMap":{"0":{"start":{"line":1,"column":0},"end":{"line":1,"column":40}},"1":{"start":{"line":2,"column":0},"end":{"line":2,"column":48}},"2":{"start":{"line":3,"column":0},"end":{"line":3,"column":58}},"3":{"start":{"line":4,"column":0},"end":{"line":4,"column":64}},"4":{"start":{"line":5,"column":0},"end":{"line":5,"column":43}},"5":{"start":{"line":6,"column":0},"end":{"line":6,"column":49}},"6":{"start":{"line":13,"column":7},"end":{"line":13,"column":null}},"7":{"start":{"line":13,"column":13},"end":{"line":13,"column":null}},"8":{"start":{"line":13,"column":13},"end":{"line":13,"column":29}}},"fnMap":{},"branchMap":{},"s":{"0":0,"1":0,"2":0,"3":0,"4":0,"5":0,"6":0,"7":0,"8":0},"f":{},"b":{}}
,"/Users/sebastiannorena/Documents/Uniandes/semana2metricas/src/club-member/club-member.service.ts": {"path":"/Users/sebastiannorena/Documents/Uniandes/semana2metricas/src/club-member/club-member.service.ts","statementMap":{"0":{"start":{"line":1,"column":0},"end":{"line":1,"column":44}},"1":{"start":{"line":2,"column":0},"end":{"line":2,"column":51}},"2":{"start":{"line":3,"column":0},"end":{"line":3,"column":37}},"3":{"start":{"line":4,"column":0},"end":{"line":4,"column":43}},"4":{"start":{"line":5,"column":0},"end":{"line":5,"column":49}},"5":{"start":{"line":7,"column":0},"end":{"line":7,"column":null}},"6":{"start":{"line":13,"column":7},"end":{"line":142,"column":null}},"7":{"start":{"line":16,"column":21},"end":{"line":16,"column":37}},"8":{"start":{"line":18,"column":21},"end":{"line":18,"column":39}},"9":{"start":{"line":22,"column":27},"end":{"line":24,"column":6}},"10":{"start":{"line":26,"column":4},"end":{"line":30,"column":8}},"11":{"start":{"line":27,"column":6},"end":{"line":30,"column":8}},"12":{"start":{"line":32,"column":23},"end":{"line":35,"column":6}},"13":{"start":{"line":37,"column":4},"end":{"line":41,"column":8}},"14":{"start":{"line":38,"column":6},"end":{"line":41,"column":8}},"15":{"start":{"line":43,"column":4},"end":{"line":43,"column":45}},"16":{"start":{"line":44,"column":4},"end":{"line":44,"column":48}},"17":{"start":{"line":51,"column":23},"end":{"line":54,"column":6}},"18":{"start":{"line":55,"column":4},"end":{"line":59,"column":8}},"19":{"start":{"line":56,"column":6},"end":{"line":59,"column":8}},"20":{"start":{"line":61,"column":35},"end":{"line":61,"column":37}},"21":{"start":{"line":63,"column":4},"end":{"line":74,"column":null}},"22":{"start":{"line":64,"column":29},"end":{"line":66,"column":8}},"23":{"start":{"line":67,"column":6},"end":{"line":71,"column":10}},"24":{"start":{"line":68,"column":8},"end":{"line":71,"column":10}},"25":{"start":{"line":72,"column":6},"end":{"line":72,"column":47}},"26":{"start":{"line":73,"column":6},"end":{"line":73,"column":64}},"27":{"start":{"line":76,"column":4},"end":{"line":76,"column":26}},"28":{"start":{"line":79,"column":27},"end":{"line":81,"column":6}},"29":{"start":{"line":83,"column":4},"end":{"line":87,"column":8}},"30":{"start":{"line":84,"column":6},"end":{"line":87,"column":8}},"31":{"start":{"line":89,"column":23},"end":{"line":92,"column":6}},"32":{"start":{"line":94,"column":4},"end":{"line":98,"column":8}},"33":{"start":{"line":95,"column":6},"end":{"line":98,"column":8}},"34":{"start":{"line":100,"column":4},"end":{"line":100,"column":18}},"35":{"start":{"line":104,"column":27},"end":{"line":106,"column":6}},"36":{"start":{"line":108,"column":4},"end":{"line":112,"column":8}},"37":{"start":{"line":109,"column":6},"end":{"line":112,"column":8}},"38":{"start":{"line":114,"column":23},"end":{"line":117,"column":6}},"39":{"start":{"line":119,"column":4},"end":{"line":123,"column":8}},"40":{"start":{"line":120,"column":6},"end":{"line":123,"column":8}},"41":{"start":{"line":124,"column":4},"end":{"line":124,"column":66}},"42":{"start":{"line":124,"column":46},"end":{"line":124,"column":64}},"43":{"start":{"line":125,"column":4},"end":{"line":125,"column":48}},"44":{"start":{"line":129,"column":23},"end":{"line":132,"column":6}},"45":{"start":{"line":134,"column":4},"end":{"line":138,"column":8}},"46":{"start":{"line":135,"column":6},"end":{"line":138,"column":8}},"47":{"start":{"line":140,"column":4},"end":{"line":140,"column":16}},"48":{"start":{"line":13,"column":13},"end":{"line":142,"column":null}},"49":{"start":{"line":13,"column":13},"end":{"line":13,"column":30}}},"fnMap":{"0":{"name":"(anonymous_4)","decl":{"start":{"line":14,"column":2},"end":{"line":14,"column":null}},"loc":{"start":{"line":18,"column":57},"end":{"line":19,"column":6}}},"1":{"name":"(anonymous_5)","decl":{"start":{"line":21,"column":2},"end":{"line":21,"column":7}},"loc":{"start":{"line":21,"column":61},"end":{"line":45,"column":3}}},"2":{"name":"(anonymous_6)","decl":{"start":{"line":47,"column":2},"end":{"line":47,"column":7}},"loc":{"start":{"line":49,"column":28},"end":{"line":77,"column":3}}},"3":{"name":"(anonymous_7)","decl":{"start":{"line":78,"column":2},"end":{"line":78,"column":7}},"loc":{"start":{"line":78,"column":55},"end":{"line":101,"column":3}}},"4":{"name":"(anonymous_8)","decl":{"start":{"line":103,"column":2},"end":{"line":103,"column":7}},"loc":{"start":{"line":103,"column":62},"end":{"line":126,"column":3}}},"5":{"name":"(anonymous_9)","decl":{"start":{"line":124,"column":39},"end":{"line":124,"column":40}},"loc":{"start":{"line":124,"column":46},"end":{"line":124,"column":64}}},"6":{"name":"(anonymous_10)","decl":{"start":{"line":128,"column":2},"end":{"line":128,"column":7}},"loc":{"start":{"line":128,"column":37},"end":{"line":141,"column":3}}}},"branchMap":{"0":{"loc":{"start":{"line":26,"column":4},"end":{"line":30,"column":8}},"type":"if","locations":[{"start":{"line":26,"column":4},"end":{"line":30,"column":8}}]},"1":{"loc":{"start":{"line":37,"column":4},"end":{"line":41,"column":8}},"type":"if","locations":[{"start":{"line":37,"column":4},"end":{"line":41,"column":8}}]},"2":{"loc":{"start":{"line":55,"column":4},"end":{"line":59,"column":8}},"type":"if","locations":[{"start":{"line":55,"column":4},"end":{"line":59,"column":8}}]},"3":{"loc":{"start":{"line":67,"column":6},"end":{"line":71,"column":10}},"type":"if","locations":[{"start":{"line":67,"column":6},"end":{"line":71,"column":10}}]},"4":{"loc":{"start":{"line":83,"column":4},"end":{"line":87,"column":8}},"type":"if","locations":[{"start":{"line":83,"column":4},"end":{"line":87,"column":8}}]},"5":{"loc":{"start":{"line":94,"column":4},"end":{"line":98,"column":8}},"type":"if","locations":[{"start":{"line":94,"column":4},"end":{"line":98,"column":8}}]},"6":{"loc":{"start":{"line":108,"column":4},"end":{"line":112,"column":8}},"type":"if","locations":[{"start":{"line":108,"column":4},"end":{"line":112,"column":8}}]},"7":{"loc":{"start":{"line":119,"column":4},"end":{"line":123,"column":8}},"type":"if","locations":[{"start":{"line":119,"column":4},"end":{"line":123,"column":8}}]},"8":{"loc":{"start":{"line":134,"column":4},"end":{"line":138,"column":8}},"type":"if","locations":[{"start":{"line":134,"column":4},"end":{"line":138,"column":8}}]}},"s":{"0":1,"1":1,"2":1,"3":1,"4":1,"5":1,"6":1,"7":6,"8":6,"9":2,"10":2,"11":0,"12":2,"13":2,"14":0,"15":2,"16":2,"17":0,"18":0,"19":0,"20":0,"21":0,"22":0,"23":0,"24":0,"25":0,"26":0,"27":0,"28":2,"29":2,"30":1,"31":1,"32":1,"33":1,"34":0,"35":0,"36":0,"37":0,"38":0,"39":0,"40":0,"41":0,"42":0,"43":0,"44":2,"45":2,"46":1,"47":1,"48":1,"49":1},"f":{"0":6,"1":2,"2":0,"3":2,"4":0,"5":0,"6":2},"b":{"0":[0],"1":[0],"2":[0],"3":[0],"4":[1],"5":[1],"6":[0],"7":[0],"8":[1]}}
,"/Users/sebastiannorena/Documents/Uniandes/semana2metricas/src/member/member.controller.ts": {"path":"/Users/sebastiannorena/Documents/Uniandes/semana2metricas/src/member/member.controller.ts","statementMap":{"0":{"start":{"line":1,"column":0},"end":{"line":1,"column":null}},"1":{"start":{"line":12,"column":0},"end":{"line":12,"column":52}},"2":{"start":{"line":13,"column":0},"end":{"line":13,"column":79}},"3":{"start":{"line":14,"column":0},"end":{"line":14,"column":41}},"4":{"start":{"line":15,"column":0},"end":{"line":15,"column":41}},"5":{"start":{"line":16,"column":0},"end":{"line":16,"column":49}},"6":{"start":{"line":20,"column":7},"end":{"line":54,"column":null}},"7":{"start":{"line":21,"column":31},"end":{"line":21,"column":46}},"8":{"start":{"line":25,"column":4},"end":{"line":25,"column":46}},"9":{"start":{"line":30,"column":4},"end":{"line":30,"column":54}},"10":{"start":{"line":36,"column":27},"end":{"line":36,"column":61}},"11":{"start":{"line":37,"column":4},"end":{"line":37,"column":51}},"12":{"start":{"line":45,"column":27},"end":{"line":45,"column":61}},"13":{"start":{"line":46,"column":4},"end":{"line":46,"column":61}},"14":{"start":{"line":52,"column":4},"end":{"line":52,"column":53}},"15":{"start":{"line":24,"column":8},"end":{"line":26,"column":null}},"16":{"start":{"line":29,"column":8},"end":{"line":31,"column":null}},"17":{"start":{"line":35,"column":8},"end":{"line":38,"column":null}},"18":{"start":{"line":41,"column":8},"end":{"line":47,"column":null}},"19":{"start":{"line":51,"column":8},"end":{"line":53,"column":null}},"20":{"start":{"line":20,"column":13},"end":{"line":54,"column":null}},"21":{"start":{"line":20,"column":13},"end":{"line":20,"column":29}}},"fnMap":{"0":{"name":"(anonymous_4)","decl":{"start":{"line":21,"column":2},"end":{"line":21,"column":31}},"loc":{"start":{"line":21,"column":59},"end":{"line":21,"column":63}}},"1":{"name":"(anonymous_5)","decl":{"start":{"line":24,"column":2},"end":{"line":24,"column":7}},"loc":{"start":{"line":24,"column":21},"end":{"line":26,"column":3}}},"2":{"name":"(anonymous_6)","decl":{"start":{"line":29,"column":2},"end":{"line":29,"column":7}},"loc":{"start":{"line":29,"column":57},"end":{"line":31,"column":3}}},"3":{"name":"(anonymous_7)","decl":{"start":{"line":35,"column":2},"end":{"line":35,"column":7}},"loc":{"start":{"line":35,"column":49},"end":{"line":38,"column":3}}},"4":{"name":"(anonymous_8)","decl":{"start":{"line":41,"column":2},"end":{"line":41,"column":7}},"loc":{"start":{"line":43,"column":32},"end":{"line":47,"column":3}}},"5":{"name":"(anonymous_9)","decl":{"start":{"line":51,"column":2},"end":{"line":51,"column":7}},"loc":{"start":{"line":51,"column":56},"end":{"line":53,"column":3}}}},"branchMap":{},"s":{"0":0,"1":0,"2":0,"3":0,"4":0,"5":0,"6":0,"7":0,"8":0,"9":0,"10":0,"11":0,"12":0,"13":0,"14":0,"15":0,"16":0,"17":0,"18":0,"19":0,"20":0,"21":0},"f":{"0":0,"1":0,"2":0,"3":0,"4":0,"5":0},"b":{}}
,"/Users/sebastiannorena/Documents/Uniandes/semana2metricas/src/member/member.dto.ts": {"path":"/Users/sebastiannorena/Documents/Uniandes/semana2metricas/src/member/member.dto.ts","statementMap":{"0":{"start":{"line":1,"column":0},"end":{"line":1,"column":63}},"1":{"start":{"line":5,"column":2},"end":{"line":7,"column":null}},"2":{"start":{"line":8,"column":2},"end":{"line":10,"column":null}},"3":{"start":{"line":11,"column":2},"end":{"line":12,"column":null}},"4":{"start":{"line":3,"column":0},"end":{"line":3,"column":13}}},"fnMap":{},"branchMap":{},"s":{"0":0,"1":0,"2":0,"3":0,"4":0},"f":{},"b":{}}
,"/Users/sebastiannorena/Documents/Uniandes/semana2metricas/src/member/member.entity.ts": {"path":"/Users/sebastiannorena/Documents/Uniandes/semana2metricas/src/member/member.entity.ts","statementMap":{"0":{"start":{"line":1,"column":0},"end":{"line":1,"column":77}},"1":{"start":{"line":3,"column":0},"end":{"line":3,"column":43}},"2":{"start":{"line":5,"column":7},"end":{"line":20,"column":null}},"3":{"start":{"line":6,"column":2},"end":{"line":7,"column":null}},"4":{"start":{"line":9,"column":2},"end":{"line":10,"column":null}},"5":{"start":{"line":12,"column":2},"end":{"line":13,"column":null}},"6":{"start":{"line":15,"column":2},"end":{"line":16,"column":null}},"7":{"start":{"line":18,"column":2},"end":{"line":19,"column":null}},"8":{"start":{"line":18,"column":20},"end":{"line":18,"column":24}},"9":{"start":{"line":18,"column":36},"end":{"line":18,"column":48}},"10":{"start":{"line":5,"column":13},"end":{"line":20,"column":null}},"11":{"start":{"line":5,"column":13},"end":{"line":5,"column":19}}},"fnMap":{"0":{"name":"(anonymous_2)","decl":{"start":{"line":18,"column":14},"end":{"line":18,"column":17}},"loc":{"start":{"line":18,"column":20},"end":{"line":18,"column":24}}},"1":{"name":"(anonymous_3)","decl":{"start":{"line":18,"column":26},"end":{"line":18,"column":27}},"loc":{"start":{"line":18,"column":36},"end":{"line":18,"column":48}}}},"branchMap":{},"s":{"0":3,"1":3,"2":3,"3":3,"4":3,"5":3,"6":3,"7":3,"8":26,"9":26,"10":3,"11":3},"f":{"0":26,"1":26},"b":{}}
,"/Users/sebastiannorena/Documents/Uniandes/semana2metricas/src/member/member.module.ts": {"path":"/Users/sebastiannorena/Documents/Uniandes/semana2metricas/src/member/member.module.ts","statementMap":{"0":{"start":{"line":1,"column":0},"end":{"line":1,"column":40}},"1":{"start":{"line":2,"column":0},"end":{"line":2,"column":48}},"2":{"start":{"line":3,"column":0},"end":{"line":3,"column":41}},"3":{"start":{"line":4,"column":0},"end":{"line":4,"column":49}},"4":{"start":{"line":5,"column":0},"end":{"line":5,"column":55}},"5":{"start":{"line":12,"column":7},"end":{"line":12,"column":null}},"6":{"start":{"line":12,"column":13},"end":{"line":12,"column":null}},"7":{"start":{"line":12,"column":13},"end":{"line":12,"column":25}}},"fnMap":{},"branchMap":{},"s":{"0":0,"1":0,"2":0,"3":0,"4":0,"5":0,"6":0,"7":0},"f":{},"b":{}}
,"/Users/sebastiannorena/Documents/Uniandes/semana2metricas/src/member/member.service.ts": {"path":"/Users/sebastiannorena/Documents/Uniandes/semana2metricas/src/member/member.service.ts","statementMap":{"0":{"start":{"line":1,"column":0},"end":{"line":1,"column":44}},"1":{"start":{"line":2,"column":0},"end":{"line":2,"column":51}},"2":{"start":{"line":3,"column":0},"end":{"line":3,"column":37}},"3":{"start":{"line":4,"column":0},"end":{"line":4,"column":41}},"4":{"start":{"line":6,"column":0},"end":{"line":6,"column":null}},"5":{"start":{"line":12,"column":7},"end":{"line":85,"column":null}},"6":{"start":{"line":15,"column":21},"end":{"line":15,"column":39}},"7":{"start":{"line":19,"column":4},"end":{"line":21,"column":7}},"8":{"start":{"line":25,"column":19},"end":{"line":28,"column":6}},"9":{"start":{"line":29,"column":4},"end":{"line":34,"column":23}},"10":{"start":{"line":30,"column":6},"end":{"line":33,"column":8}},"11":{"start":{"line":34,"column":9},"end":{"line":34,"column":23}},"12":{"start":{"line":38,"column":4},"end":{"line":43,"column":null}},"13":{"start":{"line":39,"column":6},"end":{"line":42,"column":8}},"14":{"start":{"line":45,"column":19},"end":{"line":45,"column":31}},"15":{"start":{"line":46,"column":4},"end":{"line":46,"column":33}},"16":{"start":{"line":47,"column":4},"end":{"line":47,"column":35}},"17":{"start":{"line":48,"column":4},"end":{"line":48,"column":47}},"18":{"start":{"line":49,"column":4},"end":{"line":49,"column":52}},"19":{"start":{"line":53,"column":4},"end":{"line":58,"column":null}},"20":{"start":{"line":54,"column":6},"end":{"line":57,"column":8}},"21":{"start":{"line":59,"column":19},"end":{"line":61,"column":6}},"22":{"start":{"line":62,"column":4},"end":{"line":66,"column":8}},"23":{"start":{"line":63,"column":6},"end":{"line":66,"column":8}},"24":{"start":{"line":67,"column":4},"end":{"line":67,"column":33}},"25":{"start":{"line":68,"column":4},"end":{"line":68,"column":35}},"26":{"start":{"line":69,"column":4},"end":{"line":69,"column":47}},"27":{"start":{"line":70,"column":4},"end":{"line":70,"column":45}},"28":{"start":{"line":71,"column":4},"end":{"line":71,"column":18}},"29":{"start":{"line":75,"column":19},"end":{"line":77,"column":6}},"30":{"start":{"line":78,"column":4},"end":{"line":83,"column":59}},"31":{"start":{"line":79,"column":6},"end":{"line":82,"column":8}},"32":{"start":{"line":83,"column":9},"end":{"line":83,"column":59}},"33":{"start":{"line":12,"column":13},"end":{"line":85,"column":null}},"34":{"start":{"line":12,"column":13},"end":{"line":12,"column":26}}},"fnMap":{"0":{"name":"(anonymous_4)","decl":{"start":{"line":13,"column":2},"end":{"line":13,"column":null}},"loc":{"start":{"line":15,"column":57},"end":{"line":16,"column":6}}},"1":{"name":"(anonymous_5)","decl":{"start":{"line":18,"column":2},"end":{"line":18,"column":7}},"loc":{"start":{"line":18,"column":15},"end":{"line":22,"column":3}}},"2":{"name":"(anonymous_6)","decl":{"start":{"line":24,"column":2},"end":{"line":24,"column":7}},"loc":{"start":{"line":24,"column":26},"end":{"line":35,"column":3}}},"3":{"name":"(anonymous_7)","decl":{"start":{"line":37,"column":2},"end":{"line":37,"column":7}},"loc":{"start":{"line":37,"column":35},"end":{"line":50,"column":3}}},"4":{"name":"(anonymous_8)","decl":{"start":{"line":52,"column":2},"end":{"line":52,"column":7}},"loc":{"start":{"line":52,"column":47},"end":{"line":72,"column":3}}},"5":{"name":"(anonymous_9)","decl":{"start":{"line":74,"column":2},"end":{"line":74,"column":7}},"loc":{"start":{"line":74,"column":25},"end":{"line":84,"column":3}}}},"branchMap":{"0":{"loc":{"start":{"line":29,"column":4},"end":{"line":34,"column":23}},"type":"if","locations":[{"start":{"line":29,"column":4},"end":{"line":34,"column":23}},{"start":{"line":34,"column":9},"end":{"line":34,"column":23}}]},"1":{"loc":{"start":{"line":38,"column":4},"end":{"line":43,"column":null}},"type":"if","locations":[{"start":{"line":38,"column":4},"end":{"line":43,"column":null}}]},"2":{"loc":{"start":{"line":53,"column":4},"end":{"line":58,"column":null}},"type":"if","locations":[{"start":{"line":53,"column":4},"end":{"line":58,"column":null}}]},"3":{"loc":{"start":{"line":62,"column":4},"end":{"line":66,"column":8}},"type":"if","locations":[{"start":{"line":62,"column":4},"end":{"line":66,"column":8}}]},"4":{"loc":{"start":{"line":78,"column":4},"end":{"line":83,"column":59}},"type":"if","locations":[{"start":{"line":78,"column":4},"end":{"line":83,"column":59}},{"start":{"line":83,"column":9},"end":{"line":83,"column":59}}]}},"s":{"0":1,"1":1,"2":1,"3":1,"4":1,"5":1,"6":11,"7":1,"8":2,"9":2,"10":1,"11":1,"12":2,"13":1,"14":1,"15":1,"16":1,"17":1,"18":1,"19":3,"20":1,"21":2,"22":2,"23":1,"24":1,"25":1,"26":1,"27":1,"28":1,"29":3,"30":3,"31":1,"32":2,"33":1,"34":1},"f":{"0":11,"1":1,"2":2,"3":2,"4":3,"5":3},"b":{"0":[1,1],"1":[1],"2":[1],"3":[1],"4":[1,2]}}
,"/Users/sebastiannorena/Documents/Uniandes/semana2metricas/src/shared/errors/business-errors.ts": {"path":"/Users/sebastiannorena/Documents/Uniandes/semana2metricas/src/shared/errors/business-errors.ts","statementMap":{"0":{"start":{"line":2,"column":2},"end":{"line":2,"column":25}},"1":{"start":{"line":3,"column":2},"end":{"line":3,"column":19}},"2":{"start":{"line":1,"column":0},"end":{"line":1,"column":16}},"3":{"start":{"line":6,"column":0},"end":{"line":6,"column":null}},"4":{"start":{"line":7,"column":2},"end":{"line":7,"column":null}},"5":{"start":{"line":8,"column":2},"end":{"line":8,"column":null}},"6":{"start":{"line":9,"column":2},"end":{"line":9,"column":null}}},"fnMap":{"0":{"name":"BusinessLogicException","decl":{"start":{"line":1,"column":16},"end":{"line":1,"column":38}},"loc":{"start":{"line":1,"column":68},"end":{"line":4,"column":1}}},"1":{"name":"(anonymous_1)","decl":{"start":{"line":6,"column":0},"end":{"line":6,"column":12}},"loc":{"start":{"line":6,"column":25},"end":{"line":10,"column":1}}}},"branchMap":{"0":{"loc":{"start":{"line":6,"column":12},"end":{"line":6,"column":null}},"type":"binary-expr","locations":[{"start":{"line":6,"column":12},"end":{"line":6,"column":25}},{"start":{"line":6,"column":12},"end":{"line":6,"column":null}}]}},"s":{"0":11,"1":11,"2":3,"3":3,"4":3,"5":3,"6":3},"f":{"0":11,"1":3},"b":{"0":[3,3]}}
,"/Users/sebastiannorena/Documents/Uniandes/semana2metricas/src/shared/interceptors/interceptor.ts": {"path":"/Users/sebastiannorena/Documents/Uniandes/semana2metricas/src/shared/interceptors/interceptor.ts","statementMap":{"0":{"start":{"line":1,"column":0},"end":{"line":1,"column":null}},"1":{"start":{"line":11,"column":0},"end":{"line":11,"column":44}},"2":{"start":{"line":13,"column":0},"end":{"line":13,"column":58}},"3":{"start":{"line":16,"column":7},"end":{"line":33,"column":null}},"4":{"start":{"line":18,"column":4},"end":{"line":31,"column":6}},"5":{"start":{"line":20,"column":8},"end":{"line":29,"column":25}},"6":{"start":{"line":21,"column":10},"end":{"line":21,"column":71}},"7":{"start":{"line":22,"column":13},"end":{"line":29,"column":25}},"8":{"start":{"line":23,"column":10},"end":{"line":26,"column":12}},"9":{"start":{"line":27,"column":13},"end":{"line":29,"column":25}},"10":{"start":{"line":28,"column":10},"end":{"line":28,"column":73}},"11":{"start":{"line":29,"column":13},"end":{"line":29,"column":25}},"12":{"start":{"line":16,"column":13},"end":{"line":33,"column":null}},"13":{"start":{"line":16,"column":13},"end":{"line":16,"column":38}}},"fnMap":{"0":{"name":"(anonymous_1)","decl":{"start":{"line":17,"column":2},"end":{"line":17,"column":11}},"loc":{"start":{"line":17,"column":56},"end":{"line":32,"column":3}}},"1":{"name":"(anonymous_2)","decl":{"start":{"line":19,"column":17},"end":{"line":19,"column":18}},"loc":{"start":{"line":19,"column":27},"end":{"line":30,"column":7}}}},"branchMap":{"0":{"loc":{"start":{"line":20,"column":8},"end":{"line":29,"column":25}},"type":"if","locations":[{"start":{"line":20,"column":8},"end":{"line":29,"column":25}},{"start":{"line":22,"column":13},"end":{"line":29,"column":25}}]},"1":{"loc":{"start":{"line":22,"column":13},"end":{"line":29,"column":25}},"type":"if","locations":[{"start":{"line":22,"column":13},"end":{"line":29,"column":25}},{"start":{"line":27,"column":13},"end":{"line":29,"column":25}}]},"2":{"loc":{"start":{"line":27,"column":13},"end":{"line":29,"column":25}},"type":"if","locations":[{"start":{"line":27,"column":13},"end":{"line":29,"column":25}},{"start":{"line":29,"column":13},"end":{"line":29,"column":25}}]}},"s":{"0":0,"1":0,"2":0,"3":0,"4":0,"5":0,"6":0,"7":0,"8":0,"9":0,"10":0,"11":0,"12":0,"13":0},"f":{"0":0,"1":0},"b":{"0":[0,0],"1":[0,0],"2":[0,0]}}
,"/Users/sebastiannorena/Documents/Uniandes/semana2metricas/src/shared/testing-utils/typeorm-testing-config.ts": {"path":"/Users/sebastiannorena/Documents/Uniandes/semana2metricas/src/shared/testing-utils/typeorm-testing-config.ts","statementMap":{"0":{"start":{"line":1,"column":0},"end":{"line":1,"column":48}},"1":{"start":{"line":2,"column":0},"end":{"line":2,"column":46}},"2":{"start":{"line":3,"column":0},"end":{"line":3,"column":52}},"3":{"start":{"line":5,"column":36},"end":{"line":15,"column":2}},"4":{"start":{"line":5,"column":42},"end":{"line":15,"column":2}},"5":{"start":{"line":5,"column":13},"end":{"line":5,"column":36}}},"fnMap":{"0":{"name":"(anonymous_0)","decl":{"start":{"line":5,"column":36},"end":{"line":5,"column":39}},"loc":{"start":{"line":5,"column":42},"end":{"line":15,"column":2}}}},"branchMap":{},"s":{"0":3,"1":3,"2":3,"3":3,"4":26,"5":3},"f":{"0":26},"b":{}}
}
