TN:
SF:src/app.controller.ts
FN:6,(anonymous_2)
FN:9,(anonymous_3)
FNF:2
FNH:2
FNDA:1,(anonymous_2)
FNDA:1,(anonymous_3)
DA:1,1
DA:2,1
DA:5,1
DA:6,1
DA:8,1
DA:10,1
LF:6
LH:6
BRF:0
BRH:0
end_of_record
TN:
SF:src/app.module.ts
FNF:0
FNH:0
DA:1,0
DA:2,0
DA:3,0
DA:4,0
DA:5,0
DA:6,0
DA:7,0
DA:8,0
DA:9,0
DA:28,0
LF:10
LH:0
BRF:0
BRH:0
end_of_record
TN:
SF:src/app.service.ts
FN:5,(anonymous_1)
FNF:1
FNH:1
FNDA:1,(anonymous_1)
DA:1,1
DA:4,1
DA:6,1
LF:3
LH:3
BRF:0
BRH:0
end_of_record
TN:
SF:src/main.ts
FN:5,bootstrap
FNF:1
FNH:0
FNDA:0,bootstrap
DA:1,0
DA:2,0
DA:3,0
DA:6,0
DA:7,0
DA:13,0
DA:15,0
DA:17,0
LF:8
LH:0
BRF:0
BRH:0
end_of_record
TN:
SF:src/club/club.controller.ts
FN:21,(anonymous_4)
FN:24,(anonymous_5)
FN:29,(anonymous_6)
FN:35,(anonymous_7)
FN:41,(anonymous_8)
FN:51,(anonymous_9)
FNF:6
FNH:0
FNDA:0,(anonymous_4)
FNDA:0,(anonymous_5)
FNDA:0,(anonymous_6)
FNDA:0,(anonymous_7)
FNDA:0,(anonymous_8)
FNDA:0,(anonymous_9)
DA:1,0
DA:12,0
DA:13,0
DA:14,0
DA:15,0
DA:16,0
DA:20,0
DA:21,0
DA:24,0
DA:25,0
DA:29,0
DA:30,0
DA:35,0
DA:36,0
DA:37,0
DA:41,0
DA:45,0
DA:46,0
DA:51,0
DA:52,0
LF:20
LH:0
BRF:0
BRH:0
end_of_record
TN:
SF:src/club/club.dto.ts
FNF:0
FNH:0
DA:1,0
DA:3,0
DA:5,0
DA:8,0
DA:11,0
DA:14,0
LF:6
LH:0
BRF:0
BRH:0
end_of_record
TN:
SF:src/club/club.entity.ts
FN:27,(anonymous_2)
FN:27,(anonymous_3)
FNF:2
FNH:2
FNDA:26,(anonymous_2)
FNDA:26,(anonymous_3)
DA:1,3
DA:8,3
DA:11,3
DA:12,3
DA:15,3
DA:18,3
DA:21,3
DA:24,3
DA:27,26
LF:9
LH:9
BRF:0
BRH:0
end_of_record
TN:
SF:src/club/club.module.ts
FNF:0
FNH:0
DA:1,0
DA:2,0
DA:3,0
DA:4,0
DA:5,0
DA:12,0
LF:6
LH:0
BRF:0
BRH:0
end_of_record
TN:
SF:src/club/club.service.ts
FN:13,(anonymous_4)
FN:18,(anonymous_5)
FN:24,(anonymous_6)
FN:37,(anonymous_7)
FN:52,(anonymous_8)
FN:77,(anonymous_9)
FNF:6
FNH:6
FNDA:9,(anonymous_4)
FNDA:1,(anonymous_5)
FNDA:2,(anonymous_6)
FNDA:1,(anonymous_7)
FNDA:2,(anonymous_8)
FNDA:3,(anonymous_9)
DA:1,1
DA:2,1
DA:3,1
DA:4,1
DA:6,1
DA:12,1
DA:15,9
DA:19,1
DA:25,2
DA:29,2
DA:30,1
DA:34,1
DA:38,1
DA:39,0
DA:44,1
DA:45,1
DA:46,1
DA:47,1
DA:48,1
DA:49,1
DA:53,2
DA:54,1
DA:59,1
DA:62,1
DA:63,0
DA:68,1
DA:69,1
DA:70,1
DA:71,1
DA:73,1
DA:74,1
DA:78,3
DA:81,3
DA:82,1
DA:86,2
LF:35
LH:33
BRDA:29,0,0,1
BRDA:29,0,1,1
BRDA:38,1,0,0
BRDA:53,2,0,1
BRDA:62,3,0,0
BRDA:81,4,0,1
BRDA:81,4,1,2
BRF:7
BRH:5
end_of_record
TN:
SF:src/club-member/club-member.controller.ts
FN:18,(anonymous_4)
FN:21,(anonymous_5)
FN:29,(anonymous_6)
FN:37,(anonymous_7)
FN:45,(anonymous_8)
FN:50,(anonymous_9)
FNF:6
FNH:0
FNDA:0,(anonymous_4)
FNDA:0,(anonymous_5)
FNDA:0,(anonymous_6)
FNDA:0,(anonymous_7)
FNDA:0,(anonymous_8)
FNDA:0,(anonymous_9)
DA:1,0
DA:11,0
DA:12,0
DA:17,0
DA:18,0
DA:21,0
DA:25,0
DA:29,0
DA:33,0
DA:37,0
DA:41,0
DA:45,0
DA:46,0
DA:50,0
DA:54,0
LF:15
LH:0
BRF:0
BRH:0
end_of_record
TN:
SF:src/club-member/club-member.dto.ts
FNF:0
FNH:0
DA:1,0
DA:3,0
DA:4,0
LF:3
LH:0
BRF:0
BRH:0
end_of_record
TN:
SF:src/club-member/club-member.module.ts
FNF:0
FNH:0
DA:1,0
DA:2,0
DA:3,0
DA:4,0
DA:5,0
DA:6,0
DA:13,0
LF:7
LH:0
BRF:0
BRH:0
end_of_record
TN:
SF:src/club-member/club-member.service.ts
FN:14,(anonymous_4)
FN:21,(anonymous_5)
FN:47,(anonymous_6)
FN:78,(anonymous_7)
FN:103,(anonymous_8)
FN:124,(anonymous_9)
FN:128,(anonymous_10)
FNF:7
FNH:4
FNDA:6,(anonymous_4)
FNDA:2,(anonymous_5)
FNDA:0,(anonymous_6)
FNDA:2,(anonymous_7)
FNDA:0,(anonymous_8)
FNDA:0,(anonymous_9)
FNDA:2,(anonymous_10)
DA:1,1
DA:2,1
DA:3,1
DA:4,1
DA:5,1
DA:7,1
DA:13,1
DA:16,6
DA:18,6
DA:22,2
DA:26,2
DA:27,0
DA:32,2
DA:37,2
DA:38,0
DA:43,2
DA:44,2
DA:51,0
DA:55,0
DA:56,0
DA:61,0
DA:63,0
DA:64,0
DA:67,0
DA:68,0
DA:72,0
DA:73,0
DA:76,0
DA:79,2
DA:83,2
DA:84,1
DA:89,1
DA:94,1
DA:95,1
DA:100,0
DA:104,0
DA:108,0
DA:109,0
DA:114,0
DA:119,0
DA:120,0
DA:124,0
DA:125,0
DA:129,2
DA:134,2
DA:135,1
DA:140,1
LF:47
LH:25
BRDA:26,0,0,0
BRDA:37,1,0,0
BRDA:55,2,0,0
BRDA:67,3,0,0
BRDA:83,4,0,1
BRDA:94,5,0,1
BRDA:108,6,0,0
BRDA:119,7,0,0
BRDA:134,8,0,1
BRF:9
BRH:3
end_of_record
TN:
SF:src/member/member.controller.ts
FN:21,(anonymous_4)
FN:24,(anonymous_5)
FN:29,(anonymous_6)
FN:35,(anonymous_7)
FN:41,(anonymous_8)
FN:51,(anonymous_9)
FNF:6
FNH:0
FNDA:0,(anonymous_4)
FNDA:0,(anonymous_5)
FNDA:0,(anonymous_6)
FNDA:0,(anonymous_7)
FNDA:0,(anonymous_8)
FNDA:0,(anonymous_9)
DA:1,0
DA:12,0
DA:13,0
DA:14,0
DA:15,0
DA:16,0
DA:20,0
DA:21,0
DA:24,0
DA:25,0
DA:29,0
DA:30,0
DA:35,0
DA:36,0
DA:37,0
DA:41,0
DA:45,0
DA:46,0
DA:51,0
DA:52,0
LF:20
LH:0
BRF:0
BRH:0
end_of_record
TN:
SF:src/member/member.dto.ts
FNF:0
FNH:0
DA:1,0
DA:3,0
DA:5,0
DA:8,0
DA:11,0
LF:5
LH:0
BRF:0
BRH:0
end_of_record
TN:
SF:src/member/member.entity.ts
FN:18,(anonymous_2)
FN:18,(anonymous_3)
FNF:2
FNH:2
FNDA:26,(anonymous_2)
FNDA:26,(anonymous_3)
DA:1,3
DA:3,3
DA:5,3
DA:6,3
DA:9,3
DA:12,3
DA:15,3
DA:18,26
LF:8
LH:8
BRF:0
BRH:0
end_of_record
TN:
SF:src/member/member.module.ts
FNF:0
FNH:0
DA:1,0
DA:2,0
DA:3,0
DA:4,0
DA:5,0
DA:12,0
LF:6
LH:0
BRF:0
BRH:0
end_of_record
TN:
SF:src/member/member.service.ts
FN:13,(anonymous_4)
FN:18,(anonymous_5)
FN:24,(anonymous_6)
FN:37,(anonymous_7)
FN:52,(anonymous_8)
FN:74,(anonymous_9)
FNF:6
FNH:6
FNDA:11,(anonymous_4)
FNDA:1,(anonymous_5)
FNDA:2,(anonymous_6)
FNDA:2,(anonymous_7)
FNDA:3,(anonymous_8)
FNDA:3,(anonymous_9)
DA:1,1
DA:2,1
DA:3,1
DA:4,1
DA:6,1
DA:12,1
DA:15,11
DA:19,1
DA:25,2
DA:29,2
DA:30,1
DA:34,1
DA:38,2
DA:39,1
DA:45,1
DA:46,1
DA:47,1
DA:48,1
DA:49,1
DA:53,3
DA:54,1
DA:59,2
DA:62,2
DA:63,1
DA:67,1
DA:68,1
DA:69,1
DA:70,1
DA:71,1
DA:75,3
DA:78,3
DA:79,1
DA:83,2
LF:33
LH:33
BRDA:29,0,0,1
BRDA:29,0,1,1
BRDA:38,1,0,1
BRDA:53,2,0,1
BRDA:62,3,0,1
BRDA:78,4,0,1
BRDA:78,4,1,2
BRF:7
BRH:7
end_of_record
TN:
SF:src/shared/errors/business-errors.ts
FN:1,BusinessLogicException
FN:6,(anonymous_1)
FNF:2
FNH:2
FNDA:11,BusinessLogicException
FNDA:3,(anonymous_1)
DA:1,3
DA:2,11
DA:3,11
DA:6,3
DA:7,3
DA:8,3
DA:9,3
LF:7
LH:7
BRDA:6,0,0,3
BRDA:6,0,1,3
BRF:2
BRH:2
end_of_record
TN:
SF:src/shared/interceptors/interceptor.ts
FN:17,(anonymous_1)
FN:19,(anonymous_2)
FNF:2
FNH:0
FNDA:0,(anonymous_1)
FNDA:0,(anonymous_2)
DA:1,0
DA:11,0
DA:13,0
DA:16,0
DA:18,0
DA:20,0
DA:21,0
DA:22,0
DA:23,0
DA:27,0
DA:28,0
DA:29,0
LF:12
LH:0
BRDA:20,0,0,0
BRDA:20,0,1,0
BRDA:22,1,0,0
BRDA:22,1,1,0
BRDA:27,2,0,0
BRDA:27,2,1,0
BRF:6
BRH:0
end_of_record
TN:
SF:src/shared/testing-utils/typeorm-testing-config.ts
FN:5,(anonymous_0)
FNF:1
FNH:1
FNDA:26,(anonymous_0)
DA:1,3
DA:2,3
DA:3,3
DA:5,26
LF:4
LH:4
BRF:0
BRH:0
end_of_record
